Start testing: Mar 15 02:02 AEDT
----------------------------------------------------------
1/3 Testing: question-1
1/3 Test: question-1
Command: "/home/riluk/repos/Redback-Racing-AV-Technical-Assessment/build/Question-1-out"
Directory: /home/riluk/repos/Redback-Racing-AV-Technical-Assessment/build
"question-1" start time: Mar 15 02:02 AEDT
Output:
----------------------------------------------------------
 (-10,15)
ratio: -1
ratio: -1
ratio: -1
ratio: -1
ratio: -1
ratio: -2
ratio: -2
ratio: -2
ratio: -3
ratio: -6
<end of output>
Test time =   0.08 sec
----------------------------------------------------------
Test Failed.
"question-1" end time: Mar 15 02:02 AEDT
"question-1" time elapsed: 00:00:00
----------------------------------------------------------

2/3 Testing: question-2
2/3 Test: question-2
Command: "/home/riluk/repos/Redback-Racing-AV-Technical-Assessment/build/Question-2-out"
Directory: /home/riluk/repos/Redback-Racing-AV-Technical-Assessment/build
"question-2" start time: Mar 15 02:02 AEDT
Output:
----------------------------------------------------------
<end of output>
Test time =   0.26 sec
----------------------------------------------------------
Test Passed.
"question-2" end time: Mar 15 02:02 AEDT
"question-2" time elapsed: 00:00:00
----------------------------------------------------------

3/3 Testing: question-3
3/3 Test: question-3
Command: "/home/riluk/repos/Redback-Racing-AV-Technical-Assessment/build/Question-3-out"
Directory: /home/riluk/repos/Redback-Racing-AV-Technical-Assessment/build
"question-3" start time: Mar 15 02:02 AEDT
Output:
----------------------------------------------------------
Current working directory: "/home/riluk/repos/Redback-Racing-AV-Technical-Assessment/build"
<end of output>
Test time =   0.02 sec
----------------------------------------------------------
Test Passed.
"question-3" end time: Mar 15 02:02 AEDT
"question-3" time elapsed: 00:00:00
----------------------------------------------------------

End testing: Mar 15 02:02 AEDT
